{
  "stats": {
    "suites": 1,
    "tests": 1,
    "passes": 1,
    "pending": 0,
    "failures": 0,
    "start": "2023-03-06T12:58:01.721Z",
    "end": "2023-03-06T12:58:05.153Z",
    "duration": 3432,
    "testsRegistered": 1,
    "passPercent": 100,
    "pendingPercent": 0,
    "other": 0,
    "hasOther": false,
    "skipped": 0,
    "hasSkipped": false
  },
  "results": [
    {
      "uuid": "f558701c-49fa-4463-8a07-1e9c5106327f",
      "title": "",
      "fullFile": "cypress\\e2e\\spec.cy.js",
      "file": "cypress\\e2e\\spec.cy.js",
      "beforeHooks": [],
      "afterHooks": [],
      "tests": [],
      "suites": [
        {
          "uuid": "c717530c-0932-498f-98c4-9dbb3fc99b88",
          "title": "template spec",
          "fullFile": "",
          "file": "",
          "beforeHooks": [],
          "afterHooks": [],
          "tests": [
            {
              "title": "passes",
              "fullTitle": "template spec passes",
              "timedOut": null,
              "duration": 1047,
              "state": "passed",
              "speed": "fast",
              "pass": true,
              "fail": false,
              "pending": false,
              "context": null,
              "code": "cy.visit('https://example.cypress.io');",
              "err": {},
              "uuid": "4dc9fed6-8491-4e86-991e-ee713ed8f403",
              "parentUUID": "c717530c-0932-498f-98c4-9dbb3fc99b88",
              "isHook": false,
              "skipped": false
            }
          ],
          "suites": [],
          "passes": [
            "4dc9fed6-8491-4e86-991e-ee713ed8f403"
          ],
          "failures": [],
          "pending": [],
          "skipped": [],
          "duration": 1047,
          "root": false,
          "rootEmpty": false,
          "_timeout": 2000
        }
      ],
      "passes": [],
      "failures": [],
      "pending": [],
      "skipped": [],
      "duration": 0,
      "root": true,
      "rootEmpty": true,
      "_timeout": 2000
    }
  ],
  "meta": {
    "mocha": {
      "version": "7.0.1"
    },
    "mochawesome": {
      "options": {
        "quiet": false,
        "reportFilename": "mochawesome",
        "saveHtml": true,
        "saveJson": true,
        "consoleReporter": "spec",
        "useInlineDiffs": false,
        "code": true
      },
      "version": "7.1.3"
    },
    "marge": {
      "options": {
        "overwrite": false,
        "html": true,
        "json": true
      },
      "version": "6.2.0"
    }
  }
}